Remember that you can report errors and get help in https://github.com/NicoSantangelo/sublime-gulp

03-09-2016 09:42:
C:\Users\ivang\AppData\Roaming\Sublime Text 3\Packages\Gulp\write_tasks_to_cache.js:31
        throw ex;
        ^

Error: The `libsass` binding was not found in E:\Working\ES6.template\node_modules\node-sass\vendor\win32-x64-47\binding.node
This usually happens because your node version has changed.
Run `npm rebuild node-sass` to build the binding for your current node version.
    at Object.sass.getBinaryPath (E:\Working\ES6.template\node_modules\node-sass\lib\extensions.js:158:11)
    at Object.<anonymous> (E:\Working\ES6.template\node_modules\node-sass\lib\index.js:16:36)
    at Module._compile (module.js:425:26)
    at Object.Module._extensions..js (module.js:432:10)
    at Module.load (module.js:356:32)
    at Function.Module._load (module.js:313:12)
    at Module.require (module.js:366:17)
    at require (module.js:385:17)
    at Object.<anonymous> (E:\Working\ES6.template\node_modules\gulp-sass\index.js:183:21)
    at Module._compile (module.js:425:26)


03-09-2016 09:45:
C:\Users\ivang\AppData\Roaming\Sublime Text 3\Packages\Gulp\write_tasks_to_cache.js:31
        throw ex;
        ^

Error: The `libsass` binding was not found in E:\Working\ES6.template\node_modules\node-sass\vendor\win32-x64-47\binding.node
This usually happens because your node version has changed.
Run `npm rebuild node-sass` to build the binding for your current node version.
    at Object.sass.getBinaryPath (E:\Working\ES6.template\node_modules\node-sass\lib\extensions.js:158:11)
    at Object.<anonymous> (E:\Working\ES6.template\node_modules\node-sass\lib\index.js:16:36)
    at Module._compile (module.js:425:26)
    at Object.Module._extensions..js (module.js:432:10)
    at Module.load (module.js:356:32)
    at Function.Module._load (module.js:313:12)
    at Module.require (module.js:366:17)
    at require (module.js:385:17)
    at Object.<anonymous> (E:\Working\ES6.template\node_modules\gulp-sass\index.js:183:21)
    at Module._compile (module.js:425:26)


03-09-2016 09:47:
C:\Users\ivang\AppData\Roaming\Sublime Text 3\Packages\Gulp\write_tasks_to_cache.js:31
        throw ex;
        ^

Error: The `libsass` binding was not found in E:\Working\ES6.template\node_modules\node-sass\vendor\win32-x64-47\binding.node
This usually happens because your node version has changed.
Run `npm rebuild node-sass` to build the binding for your current node version.
    at Object.sass.getBinaryPath (E:\Working\ES6.template\node_modules\node-sass\lib\extensions.js:158:11)
    at Object.<anonymous> (E:\Working\ES6.template\node_modules\node-sass\lib\index.js:16:36)
    at Module._compile (module.js:425:26)
    at Object.Module._extensions..js (module.js:432:10)
    at Module.load (module.js:356:32)
    at Function.Module._load (module.js:313:12)
    at Module.require (module.js:366:17)
    at require (module.js:385:17)
    at Object.<anonymous> (E:\Working\ES6.template\node_modules\gulp-sass\index.js:183:21)
    at Module._compile (module.js:425:26)
